2025-07-23 02:16:24,506 - INFO - ==================================================
2025-07-23 02:16:24,506 - INFO - NOVA SESSÃO DE SCRAPING INICIADA
2025-07-23 02:16:24,506 - INFO - Timestamp: 2025-07-23 02:16:24
2025-07-23 02:16:24,506 - INFO - ==================================================
2025-07-23 02:16:24,506 - INFO - Iniciando scraping do StandVirtual
2025-07-23 02:16:24,507 - INFO - Parâmetros de pesquisa: {'marca': 'BMW', 'modelo': 'Série i', 'submodelo': 'i8', 'ano_min': None, 'ano_max': None, 'km_max': None, 'preco_max': None, 'caixa': None, 'combustivel': None}
2025-07-23 02:16:24,507 - INFO - Marca otimizada: BMW → bmw
2025-07-23 02:16:24,507 - INFO - Modelo otimizado: Série i → serie-i
2025-07-23 02:16:24,507 - INFO - Submodelo otimizado: i8 → i8
2025-07-23 02:16:24,663 - WARNING - The chromedriver version (137.0.7151.119) detected in PATH at /opt/homebrew/bin/chromedriver might not be compatible with the detected chrome version (138.0.7204.158); currently, chromedriver 138.0.7204.168 is recommended for chrome 138.*, so it is advised to delete the driver in PATH and retry
2025-07-23 02:16:25,530 - INFO - Selenium configurado com chromedriver do sistema
2025-07-23 02:16:25,530 - INFO - Iniciando pesquisa de carros...
2025-07-23 02:16:25,531 - INFO - Pesquisa específica: serie-i
2025-07-23 02:16:29,643 - INFO - URLs extraídas do HTML: 6
2025-07-23 02:16:29,643 - INFO - Página 1: 6 carros encontrados (total: 6)
2025-07-23 02:16:34,206 - INFO - URLs extraídas do HTML: 0
2025-07-23 02:16:34,222 - INFO - Encontrados 5 elementos com: article
2025-07-23 02:16:34,484 - INFO - Total de 6 carros extraídos
2025-07-23 02:16:34,484 - INFO - 6 carros únicos após deduplicação (só URLs)
2025-07-23 02:16:34,484 - INFO - 6 carros prontos
2025-07-23 02:16:34,484 - INFO - 6 carros com dados válidos
2025-07-23 02:16:34,484 - INFO - === CARROS ENCONTRADOS ===
2025-07-23 02:16:34,484 - INFO -   1. BMW i8 Standard → 60950 EUR
2025-07-23 02:16:34,484 - INFO -   2. BMW i8 Standard → 69900 EUR
2025-07-23 02:16:34,484 - INFO -   3. BMW i8 Standard → 59900 EUR
2025-07-23 02:16:34,484 - INFO -   4. BMW i8 Standard → 69000 EUR
2025-07-23 02:16:34,484 - INFO -   5. BMW i8 Roadster → 78999 EUR
2025-07-23 02:16:34,484 - INFO -   6. BMW i8 → 69990 EUR
2025-07-23 02:16:34,484 - INFO - === TOTAL: 6 CARROS ===
2025-07-23 02:16:34,484 - INFO - Encontrados 6 carros
2025-07-23 02:16:34,484 - INFO - Calculando intervalo de preços para 6 carros
2025-07-23 02:16:34,484 - INFO - Análise de outliers: Q1=60950€, Q3=69990€, IQR=9040€
2025-07-23 02:16:34,484 - INFO - Limites: 47390€ - 83550€
2025-07-23 02:16:34,484 - INFO - Nenhum outlier detectado. Todos os preços estão dentro do intervalo normal.
2025-07-23 02:16:34,484 - INFO - Intervalo final: 59900€ - 78999€ (média: 68123€)
2025-07-23 02:16:34,484 - INFO - Carros considerados: 6 (removidos 0 outliers)
2025-07-23 02:16:34,484 - INFO - Total de carros: 6
2025-07-23 02:16:34,484 - INFO - Carros considerados: 6
2025-07-23 02:16:34,484 - INFO - Média aproximada: 68123€
2025-07-23 02:16:34,484 - INFO - Intervalo de preços: 59900€ - 78999€
2025-07-23 02:16:34,484 - INFO - Scraping concluído com sucesso
2025-07-23 02:16:34,485 - WARNING - Retrying (Retry(total=2, connect=None, read=None, redirect=None, status=None)) after connection broken by 'NewConnectionError('<urllib3.connection.HTTPConnection object at 0x107425d10>: Failed to establish a new connection: [Errno 61] Connection refused')': /session/a875168fba2d119d42d5ee7a9d223b4a
2025-07-23 02:16:34,485 - WARNING - Retrying (Retry(total=1, connect=None, read=None, redirect=None, status=None)) after connection broken by 'NewConnectionError('<urllib3.connection.HTTPConnection object at 0x107425a90>: Failed to establish a new connection: [Errno 61] Connection refused')': /session/a875168fba2d119d42d5ee7a9d223b4a
2025-07-23 02:16:34,486 - WARNING - Retrying (Retry(total=0, connect=None, read=None, redirect=None, status=None)) after connection broken by 'NewConnectionError('<urllib3.connection.HTTPConnection object at 0x10730f950>: Failed to establish a new connection: [Errno 61] Connection refused')': /session/a875168fba2d119d42d5ee7a9d223b4a
